\BOOKMARK [1][-]{section.1}{Analysis of Algorithms}{}% 1
\BOOKMARK [2][-]{subsection.1.1}{Classification of a good algorithm}{section.1}% 2
\BOOKMARK [2][-]{subsection.1.2}{Running Time}{section.1}% 3
\BOOKMARK [2][-]{subsection.1.3}{Finding the running time}{section.1}% 4
\BOOKMARK [3][-]{subsubsection.1.3.1}{Experimental Analysis}{subsection.1.3}% 5
\BOOKMARK [3][-]{subsubsection.1.3.2}{Theoretical Analysis}{subsection.1.3}% 6
\BOOKMARK [2][-]{subsection.1.4}{Random Access Machine \(RAM\) Model}{section.1}% 7
\BOOKMARK [2][-]{subsection.1.5}{Primitive Operations}{section.1}% 8
\BOOKMARK [2][-]{subsection.1.6}{Sorting algorithms}{section.1}% 9
\BOOKMARK [1][-]{section.2}{Asymptotic Notation}{}% 10
\BOOKMARK [2][-]{subsection.2.1}{Big-O notation}{section.2}% 11
\BOOKMARK [3][-]{subsubsection.2.1.1}{General Rules}{subsection.2.1}% 12
\BOOKMARK [1][-]{section.3}{Relatives of Big-O}{}% 13
\BOOKMARK [2][-]{subsection.3.1}{Big Omega}{section.3}% 14
\BOOKMARK [2][-]{subsection.3.2}{Big Theta}{section.3}% 15
\BOOKMARK [2][-]{subsection.3.3}{Summary}{section.3}% 16
\BOOKMARK [2][-]{subsection.3.4}{Examples}{section.3}% 17
\BOOKMARK [1][-]{section.4}{Data Structures}{}% 18
\BOOKMARK [2][-]{subsection.4.1}{Arrays}{section.4}% 19
\BOOKMARK [3][-]{subsubsection.4.1.1}{Strengths}{subsection.4.1}% 20
\BOOKMARK [3][-]{subsubsection.4.1.2}{Limitations}{subsection.4.1}% 21
\BOOKMARK [3][-]{subsubsection.4.1.3}{Declaring arrays in Java}{subsection.4.1}% 22
\BOOKMARK [3][-]{subsubsection.4.1.4}{Examples}{subsection.4.1}% 23
\BOOKMARK [3][-]{subsubsection.4.1.5}{Adding an entry}{subsection.4.1}% 24
\BOOKMARK [3][-]{subsubsection.4.1.6}{Concluding Remarks}{subsection.4.1}% 25
\BOOKMARK [2][-]{subsection.4.2}{Linked Lists}{section.4}% 26
\BOOKMARK [3][-]{subsubsection.4.2.1}{Singly Linked List}{subsection.4.2}% 27
\BOOKMARK [3][-]{subsubsection.4.2.2}{Time required for Singly Linked List}{subsection.4.2}% 28
\BOOKMARK [3][-]{subsubsection.4.2.3}{Insertion - Operations}{subsection.4.2}% 29
