\BOOKMARK [1][-]{section.1}{Induction}{}% 1
\BOOKMARK [2][-]{subsection.1.1}{Inductive definition}{section.1}% 2
\BOOKMARK [2][-]{subsection.1.2}{Inductive proof}{section.1}% 3
\BOOKMARK [1][-]{section.2}{Functions}{}% 4
\BOOKMARK [2][-]{subsection.2.1}{Relationship Functions}{section.2}% 5
\BOOKMARK [2][-]{subsection.2.2}{Pre-image}{section.2}% 6
\BOOKMARK [2][-]{subsection.2.3}{Failure to be a function}{section.2}% 7
\BOOKMARK [2][-]{subsection.2.4}{Composition of functions}{section.2}% 8
\BOOKMARK [2][-]{subsection.2.5}{Properties of functions}{section.2}% 9
\BOOKMARK [1][-]{section.3}{Set Theory}{}% 10
\BOOKMARK [2][-]{subsection.3.1}{Cardinality of two sets}{section.3}% 11
\BOOKMARK [2][-]{subsection.3.2}{Cartesian Product}{section.3}% 12
\BOOKMARK [2][-]{subsection.3.3}{Subsets}{section.3}% 13
\BOOKMARK [2][-]{subsection.3.4}{Set Operators}{section.3}% 14
\BOOKMARK [2][-]{subsection.3.5}{Power Set}{section.3}% 15
\BOOKMARK [1][-]{section.4}{Boolean Logic}{}% 16
\BOOKMARK [2][-]{subsection.4.1}{Logic of Propositions}{section.4}% 17
\BOOKMARK [2][-]{subsection.4.2}{Logical Statements}{section.4}% 18
\BOOKMARK [3][-]{subsubsection.4.2.1}{NOT}{subsection.4.2}% 19
\BOOKMARK [3][-]{subsubsection.4.2.2}{AND}{subsection.4.2}% 20
\BOOKMARK [3][-]{subsubsection.4.2.3}{OR}{subsection.4.2}% 21
\BOOKMARK [3][-]{subsubsection.4.2.4}{XOR}{subsection.4.2}% 22
\BOOKMARK [3][-]{subsubsection.4.2.5}{Equivalence}{subsection.4.2}% 23
\BOOKMARK [3][-]{subsubsection.4.2.6}{Material Conditional }{subsection.4.2}% 24
\BOOKMARK [3][-]{subsubsection.4.2.7}{Necessity}{subsection.4.2}% 25
\BOOKMARK [3][-]{subsubsection.4.2.8}{Sufficiency}{subsection.4.2}% 26
\BOOKMARK [3][-]{subsubsection.4.2.9}{Associativity}{subsection.4.2}% 27
\BOOKMARK [3][-]{subsubsection.4.2.10}{Commutativity}{subsection.4.2}% 28
\BOOKMARK [3][-]{subsubsection.4.2.11}{Tautology}{subsection.4.2}% 29
\BOOKMARK [3][-]{subsubsection.4.2.12}{Logical Identities}{subsection.4.2}% 30
\BOOKMARK [3][-]{subsubsection.4.2.13}{Order of operations}{subsection.4.2}% 31
\BOOKMARK [3][-]{subsubsection.4.2.14}{Isomorphism}{subsection.4.2}% 32
\BOOKMARK [2][-]{subsection.4.3}{Different Negations}{section.4}% 33
\BOOKMARK [3][-]{subsubsection.4.3.1}{Converse}{subsection.4.3}% 34
\BOOKMARK [3][-]{subsubsection.4.3.2}{Contrapositive}{subsection.4.3}% 35
\BOOKMARK [3][-]{subsubsection.4.3.3}{Inverse}{subsection.4.3}% 36
\BOOKMARK [3][-]{subsubsection.4.3.4}{English Examples}{subsection.4.3}% 37
\BOOKMARK [2][-]{subsection.4.4}{Relations}{section.4}% 38
\BOOKMARK [3][-]{subsubsection.4.4.1}{The inverse}{subsection.4.4}% 39
\BOOKMARK [3][-]{subsubsection.4.4.2}{Composition}{subsection.4.4}% 40
\BOOKMARK [3][-]{subsubsection.4.4.3}{Reflexivity}{subsection.4.4}% 41
\BOOKMARK [3][-]{subsubsection.4.4.4}{Connex}{subsection.4.4}% 42
\BOOKMARK [3][-]{subsubsection.4.4.5}{Symmetry}{subsection.4.4}% 43
\BOOKMARK [3][-]{subsubsection.4.4.6}{Antisymmetric}{subsection.4.4}% 44
\BOOKMARK [3][-]{subsubsection.4.4.7}{Transitivity}{subsection.4.4}% 45
\BOOKMARK [3][-]{subsubsection.4.4.8}{Equivalence}{subsection.4.4}% 46
\BOOKMARK [3][-]{subsubsection.4.4.9}{Partial Order}{subsection.4.4}% 47
\BOOKMARK [3][-]{subsubsection.4.4.10}{Total Order}{subsection.4.4}% 48
\BOOKMARK [2][-]{subsection.4.5}{Equivalence relations}{section.4}% 49
\BOOKMARK [1][-]{section.5}{Predicates and Quantifiers}{}% 50
\BOOKMARK [2][-]{subsection.5.1}{Predicates}{section.5}% 51
\BOOKMARK [2][-]{subsection.5.2}{Quantifiers}{section.5}% 52
\BOOKMARK [2][-]{subsection.5.3}{Game Interpretation}{section.5}% 53
\BOOKMARK [2][-]{subsection.5.4}{Quantification over finite sets}{section.5}% 54
\BOOKMARK [2][-]{subsection.5.5}{Working with Quantifiers}{section.5}% 55
\BOOKMARK [3][-]{subsubsection.5.5.1}{De Morgan's Laws of Quantifiers}{subsection.5.5}% 56
\BOOKMARK [3][-]{subsubsection.5.5.2}{Distribution of \040and }{subsection.5.5}% 57
\BOOKMARK [2][-]{subsection.5.6}{Uniqueness}{section.5}% 58
\BOOKMARK [1][-]{section.6}{Proofs}{}% 59
\BOOKMARK [2][-]{subsection.6.1}{Direct Proofs}{section.6}% 60
\BOOKMARK [2][-]{subsection.6.2}{Cases in Pro