\BOOKMARK [1][-]{section.1}{Professional Bodies}{}% 1
\BOOKMARK [2][-]{subsection.1.1}{Three features of a profession}{section.1}% 2
\BOOKMARK [2][-]{subsection.1.2}{Professional Bodies}{section.1}% 3
\BOOKMARK [3][-]{subsubsection.1.2.1}{Engineering Council}{subsection.1.2}% 4
\BOOKMARK [3][-]{subsubsection.1.2.2}{Science Council}{subsection.1.2}% 5
\BOOKMARK [3][-]{subsubsection.1.2.3}{Other Councils}{subsection.1.2}% 6
\BOOKMARK [2][-]{subsection.1.3}{Reservation of title and function}{section.1}% 7
\BOOKMARK [1][-]{section.2}{UK Law}{}% 8
\BOOKMARK [2][-]{subsection.2.1}{Fundamentals}{section.2}% 9
\BOOKMARK [2][-]{subsection.2.2}{Devolved Government}{section.2}% 10
\BOOKMARK [2][-]{subsection.2.3}{Making a law}{section.2}% 11
\BOOKMARK [2][-]{subsection.2.4}{EU Law}{section.2}% 12
\BOOKMARK [2][-]{subsection.2.5}{UK Legal System}{section.2}% 13
\BOOKMARK [2][-]{subsection.2.6}{Criminal Law and Civil Law}{section.2}% 14
\BOOKMARK [1][-]{section.3}{Intellectual Property}{}% 15
\BOOKMARK [2][-]{subsection.3.1}{Tangible and Intangible}{section.3}% 16
\BOOKMARK [2][-]{subsection.3.2}{Copyright v Patents v Trademarks}{section.3}% 17
\BOOKMARK [3][-]{subsubsection.3.2.1}{Copyright}{subsection.3.2}% 18
\BOOKMARK [3][-]{subsubsection.3.2.2}{Trade marks}{subsection.3.2}% 19
\BOOKMARK [3][-]{subsubsection.3.2.3}{Patents}{subsection.3.2}% 20
\BOOKMARK [2][-]{subsection.3.3}{Digital Rights Management}{section.3}% 21
\BOOKMARK [2][-]{subsection.3.4}{Whistle-Blowing}{section.3}% 22
\BOOKMARK [2][-]{subsection.3.5}{Registration requirement}{section.3}% 23
\BOOKMARK [1][-]{section.4}{Data Protection}{}% 24
\BOOKMARK [2][-]{subsection.4.1}{Problem}{section.4}% 25
\BOOKMARK [2][-]{subsection.4.2}{TalkTalk}{section.4}% 26
\BOOKMARK [2][-]{subsection.4.3}{Facebook}{section.4}% 27
\BOOKMARK [2][-]{subsection.4.4}{Solution}{section.4}% 28
\BOOKMARK [2][-]{subsection.4.5}{Jurisdiction and Enforcement}{section.4}% 29
\BOOKMARK [2][-]{subsection.4.6}{Data Protection Officer}{section.4}% 30
\BOOKMARK [2][-]{subsection.4.7}{Data Breaches}{section.4}% 31
\BOOKMARK [2][-]{subsection.4.8}{7 Data Protection Principles}{section.4}% 32
\BOOKMARK [2][-]{subsection.4.9}{Lawfulness of processing}{section.4}% 33
\BOOKMARK [2][-]{subsection.4.10}{Exemptions}{section.4}% 34
\BOOKMARK [2][-]{subsection.4.11}{Right of Access to Data}{section.4}% 35
\BOOKMARK [2][-]{subsection.4.12}{Profiling}{section.4}% 36
\BOOKMARK [2][-]{subsection.4.13}{Privacy}{section.4}% 37
\BOOKMARK [1][-]{section.5}{Freedom of Information}{}% 38
\BOOKMARK [2][-]{subsection.5.1}{Publication Schemes}{section.5}% 39
\BOOKMARK [2][-]{subsection.5.2}{Issues}{section.5}% 40
\BOOKMARK [1][-]{section.6}{Computer Misuse}{}% 41
\BOOKMARK [2][-]{subsection.6.1}{Computer Misuse Act \(CMA\) 1990}{section.6}% 42
\BOOKMARK [2][-]{subsection.6.2}{Offenses}{section.6}% 43
\BOOKMARK [3][-]{subsubsection.6.2.1}{Unauthorised access}{subsection.6.2}% 44
\BOOKMARK [3][-]{subsubsection.6.2.2}{Unauthorised access with Intent}{subsection.6.2}% 45
\BOOKMARK [3][-]{subsubsection.6.2.3}{Unauthorised modification}{subsection.6.2}% 46
\BOOKMARK [3][-]{subsubsection.6.2.4}{Section 3ZA}{subsection.6.2}% 47
\BOOKMARK [3][-]{subsubsection.6.2.5}{Note}{subsection.6.2}% 48
\BOOKMARK [2][-]{subsection.6.3}{Police and Justice Act 2006}{section.6}% 49
\BOOKMARK [2][-]{subsection.6.4}{University of Warwick Regulations}{section.6}% 50
\BOOKMARK [2][-]{subsection.6.5}{Regulation of Investigatory Powers Act 2000}{section.6}% 51
\BOOKMARK [1][-]{section.7}{Ethics and the Internet}{}% 52
\BOOKMARK [2][-]{subsection.7.1}{Ethics and Morals}{section.7}% 53
\BOOKMARK [2][-]{subsection.7.2}{Theories of Ethics}{section.7}% 54
\BOOKMARK [1][-]{section.8}{Computer Security}{}% 55
\BOOKMARK [2][-]{subsection.8.1}{Standard and legislation}{section.8}% 56
\BOOKMARK [3][-]{subsubsection.8.1.1}{Health and Insurance Portability Act \(HIPAA\)}{subsection.8.1}% 57
\BOOKMARK [3][-]{subsubsection.8.1.2}{Gramm-Leach-Bliley Act \(GLBA\)}{subsection.8.1}% 58
\BOOKMARK [3][-]{subsubsection.8.1.3}{Homeland Security Act}{subsection.8.1}% 59
\BOOKMARK [3][-]{subsubsection.8.1.4}{European Union Agency for Cybersecurity \(ENISA\)}{subsection.8.1}% 60
\BOOKMARK [3][-]{subsubsection.8.1.5}{Congress Report}{subsection.8.1}% 61
\BOOKMARK [3][-]{subsubsection.8.1.6}{General Data Protection Regulation \(GDPR\)}{subsection.8.1}% 62
\BOOKMARK [3][-]{subsubsection.8.1.7}{Security of National Information Systems \(NIS\)}{subsection.8.1}% 63
\BOOKMARK [2][-]{subsection.8.2}{Framework}{section.8}% 64
\BOOKMARK [2][-]{subsection.8.3}{Encryption}{section.8}% 65
\BOOKMARK [2][-]{subsection.8.4}{the Morris Worm}{section.8}% 66
\BOOKMARK [2][-]{subsection.8.5}{Social Engineering}{section.8}% 67
\BOOKMARK [2][-]{subsection.8.6}{Cyxymu}{section.8}% 68
\BOOKMARK [2][-]{subsection.8.7}{Biometric Passports}{section.8}% 69
\BOOKMARK [2][-]{subsection.8.8}{Advanced Persistent Threat}{section.8}% 70
\BOOKMARK [2][-]{subsection.8.9}{Hactivism}{section.8}% 71
\BOOKMARK [2][-]{subsection.8.10}{Physical Security}{section.8}% 72
\BOOKMARK [2][-]{subsection.8.11}{Cyber-attacks on the increase}{section.8}% 73
\BOOKMARK [2][-]{subsection.8.12}{Terminology}{section.8}% 74
\BOOKMARK [1][-]{section.9}{Organisations}{}% 75
\BOOKMARK [2][-]{subsection.9.1}{Legal Entity}{section.9}% 76
\BOOKMARK [2][-]{subsection.9.2}{Creating a corporation}{section.9}% 77
\BOOKMARK [3][-]{subsubsection.9.2.1}{Royal Charter}{subsection.9.2}% 78
\BOOKMARK [3][-]{subsubsection.9.2.2}{Act of Parliament}{subsection.9.2}% 79
\BOOKMARK [3][-]{subsubsection.9.2.3}{Companies Act}{subsection.9.2}% 80
\BOOKMARK [2][-]{subsection.9.3}{Limited Companies}{section.9}% 81
\BOOKMARK [3][-]{subsubsection.9.3.1}{Public Limited Company \(PLC\)}{subsection.9.3}% 82
\BOOKMARK [3][-]{subsubsection.9.3.2}{Private Limited Company \(LTD\)}{subsection.9.3}% 83
\BOOKMARK [2][-]{subsection.9.4}{Memorandum of Association}{section.9}% 84
\BOOKMARK [2][-]{subsection.9.5}{Organisational Models}{section.9}% 85
\BOOKMARK [3][-]{subsubsection.9.5.1}{Bureaucratic model}{subsection.9.5}% 86
\BOOKMARK [3][-]{subsubsection.9.5.2}{The Organic Model}{subsection.9.5}% 87
\BOOKMARK [3][-]{subsubsection.9.5.3}{Matrix Management}{subsection.9.5}% 88
\BOOKMARK [2][-]{subsection.9.6}{2008 Financial Crisis}{section.9}% 89
\BOOKMARK [2][-]{subsection.9.7}{Structuring Principles}{section.9}% 90
\BOOKMARK [2][-]{subsection.9.8}{Job design}{section.9}% 91
\BOOKMARK [1][-]{section.10}{Companies}{}% 92
\BOOKMARK [2][-]{subsection.10.1}{Starting a company}{section.10}% 93
\BOOKMARK [2][-]{subsection.10.2}{Balance Sheet}{section.10}% 94
\BOOKMARK [2][-]{subsection.10.3}{Profit and Loss Account}{section.10}% 95
\BOOKMARK [2][-]{subsection.10.4}{Cash Flow statement}{section.10}% 96
\BOOKMARK [2][-]{subsection.10.5}{Relationship between them}{section.10}% 97
\BOOKMARK [2][-]{subsection.10.6}{Double Entry Bookkeeping}{section.10}% 98
\BOOKMARK [2][-]{subsection.10.7}{Accounts and Budgetes}{section.10}% 99
\BOOKMARK [2][-]{subsection.10.8}{Labour}{section.10}% 100
\BOOKMARK [2][-]{subsection.10.9}{Overheads}{section.10}% 101
\BOOKMARK [2][-]{subsection.10.10}{Investment}{section.10}% 102
\BOOKMARK [2][-]{subsection.10.11}{Statutory requirements}{section.10}% 103
\BOOKMARK [1][-]{section.11}{Contracts and Human Resources}{}% 104
\BOOKMARK [2][-]{subsection.11.1}{Contracts}{section.11}% 105
\BOOKMARK [2][-]{subsection.11.2}{The Schedule}{section.11}% 106
\BOOKMARK [2][-]{subsection.11.3}{Consultancy contracts}{section.11}% 107
\BOOKMARK [2][-]{subsection.11.4}{Human resources}{section.11}% 108
\BOOKMARK [2][-]{subsection.11.5}{Discrimination}{section.11}% 109
\BOOKMARK [2][-]{subsection.11.6}{Athena Swan Charter}{section.11}% 110
\BOOKMARK [2][-]{subsection.11.7}{Me too movement}{section.11}% 111
